2026-02-04T17:31:04.526+05:30  INFO 12864 --- [order-service] [main] c.s.order.OrderApplication               : Starting OrderApplication using Java 21.0.7 with PID 12864 (D:\rohit\SpringEcom-Microservices\Order\target\classes started by rohit in D:\rohit\SpringEcom-Microservices)
2026-02-04T17:31:04.529+05:30  INFO 12864 --- [order-service] [main] c.s.order.OrderApplication               : No active profile set, falling back to 1 default profile: "default"
2026-02-04T17:31:04.560+05:30  INFO 12864 --- [order-service] [main] o.s.c.c.c.ConfigServerConfigDataLoader   : Fetching config from server at : http://localhost:8888
2026-02-04T17:31:04.560+05:30  INFO 12864 --- [order-service] [main] o.s.c.c.c.ConfigServerConfigDataLoader   : Located environment: name=order-service, profiles=[default], label=null, version=null, state=null
2026-02-04T17:31:06.192+05:30  INFO 12864 --- [order-service] [main] .s.d.r.c.RepositoryConfigurationDelegate : Bootstrapping Spring Data JPA repositories in DEFAULT mode.
2026-02-04T17:31:06.395+05:30  INFO 12864 --- [order-service] [main] .s.d.r.c.RepositoryConfigurationDelegate : Finished Spring Data repository scanning in 189 ms. Found 2 JPA repository interfaces.
2026-02-04T17:31:06.972+05:30  INFO 12864 --- [order-service] [main] faultConfiguringBeanFactoryPostProcessor : No bean named 'errorChannel' has been explicitly defined. Therefore, a default PublishSubscribeChannel will be created.
2026-02-04T17:31:06.986+05:30  INFO 12864 --- [order-service] [main] faultConfiguringBeanFactoryPostProcessor : No bean named 'integrationHeaderChannelRegistry' has been explicitly defined. Therefore, a default DefaultHeaderChannelRegistry will be created.
2026-02-04T17:31:07.215+05:30  INFO 12864 --- [order-service] [main] o.s.cloud.context.scope.GenericScope     : BeanFactory id=6af0eeca-e483-387d-a366-d0ad57d75269
2026-02-04T17:31:08.175+05:30  INFO 12864 --- [order-service] [main] o.s.boot.tomcat.TomcatWebServer          : Tomcat initialized with port 8083 (http)
2026-02-04T17:31:08.196+05:30  INFO 12864 --- [order-service] [main] o.apache.catalina.core.StandardService   : Starting service [Tomcat]
2026-02-04T17:31:08.197+05:30  INFO 12864 --- [order-service] [main] o.apache.catalina.core.StandardEngine    : Starting Servlet engine: [Apache Tomcat/11.0.15]
2026-02-04T17:31:08.348+05:30  INFO 12864 --- [order-service] [main] b.w.c.s.WebApplicationContextInitializer : Root WebApplicationContext: initialization completed in 3785 ms
2026-02-04T17:31:08.801+05:30  INFO 12864 --- [order-service] [main] org.hibernate.orm.jpa                    : HHH008540: Processing PersistenceUnitInfo [name: default]
2026-02-04T17:31:08.893+05:30  INFO 12864 --- [order-service] [main] org.hibernate.orm.core                   : HHH000001: Hibernate ORM core version 7.2.0.Final
2026-02-04T17:31:10.112+05:30  INFO 12864 --- [order-service] [main] o.s.o.j.p.SpringPersistenceUnitInfo      : No LoadTimeWeaver setup: ignoring JPA class transformer
2026-02-04T17:31:10.177+05:30  INFO 12864 --- [order-service] [main] com.zaxxer.hikari.HikariDataSource       : HikariPool-1 - Starting...
2026-02-04T17:31:15.736+05:30  INFO 12864 --- [order-service] [main] com.zaxxer.hikari.pool.HikariPool        : HikariPool-1 - Added connection org.postgresql.jdbc.PgConnection@33602729
2026-02-04T17:31:15.738+05:30  INFO 12864 --- [order-service] [main] com.zaxxer.hikari.HikariDataSource       : HikariPool-1 - Start completed.
2026-02-04T17:31:16.126+05:30  WARN 12864 --- [order-service] [main] org.hibernate.orm.deprecation            : HHH90000025: PostgreSQLDialect does not need to be specified explicitly using 'hibernate.dialect' (remove the property setting and it will be selected by default)
2026-02-04T17:31:17.416+05:30  INFO 12864 --- [order-service] [main] org.hibernate.orm.connections.pooling    : HHH10001005: Database info:
	Database JDBC URL [jdbc:postgresql://ep-aged-forest-ah14iyzm-pooler.c-3.us-east-1.aws.neon.tech/orderdb?sslmode=require&channel_binding=require]
	Database driver: PostgreSQL JDBC Driver
	Database dialect: PostgreSQLDialect
	Database version: 17.7
	Default catalog/schema: orderdb/public
	Autocommit mode: undefined/unknown
	Isolation level: READ_COMMITTED [default READ_COMMITTED]
	JDBC fetch size: none
	Pool: DataSourceConnectionProvider
	Minimum pool size: undefined/unknown
	Maximum pool size: undefined/unknown
2026-02-04T17:31:19.013+05:30  INFO 12864 --- [order-service] [main] org.hibernate.orm.core                   : HHH000489: No JTA platform available (set 'hibernate.transaction.jta.platform' to enable JTA platform integration)
2026-02-04T17:31:21.987+05:30  INFO 12864 --- [order-service] [main] j.LocalContainerEntityManagerFactoryBean : Initialized JPA EntityManagerFactory for persistence unit 'default'
2026-02-04T17:31:22.097+05:30  INFO 12864 --- [order-service] [main] o.s.d.j.r.query.QueryEnhancerFactories   : Hibernate is in classpath; If applicable, HQL parser will be used.
2026-02-04T17:31:22.648+05:30  WARN 12864 --- [order-service] [main] JpaBaseConfiguration$JpaWebConfiguration : spring.jpa.open-in-view is enabled by default. Therefore, database queries may be performed during view rendering. Explicitly configure spring.jpa.open-in-view to disable this warning
2026-02-04T17:31:23.125+05:30  INFO 12864 --- [order-service] [main] o.s.c.s.m.DirectWithAttributesChannel    : Channel 'order-service.springCloudBusInput' has 1 subscriber(s).
2026-02-04T17:31:23.737+05:30  INFO 12864 --- [order-service] [main] DiscoveryClientOptionalArgsConfiguration : Eureka HTTP Client uses RestClient.
2026-02-04T17:31:23.778+05:30  WARN 12864 --- [order-service] [main] iguration$LoadBalancerCaffeineWarnLogger : Spring Cloud LoadBalancer is currently working with the default cache. While this cache implementation is useful for development and tests, it's recommended to use Caffeine cache in production.You can switch to using Caffeine cache, by adding it and org.springframework.cache.caffeine.CaffeineCacheManager to the classpath.
2026-02-04T17:31:23.785+05:30  INFO 12864 --- [order-service] [main] o.s.b.a.e.web.EndpointLinksResolver      : Exposing 24 endpoints beneath base path '/actuator'
2026-02-04T17:31:23.940+05:30  INFO 12864 --- [order-service] [main] figuration$IntegrationJmxConfiguration$1 : Registering MessageChannel errorChannel
2026-02-04T17:31:23.947+05:30  INFO 12864 --- [order-service] [main] figuration$IntegrationJmxConfiguration$1 : Registering MessageChannel springCloudBusInput
2026-02-04T17:31:23.950+05:30  INFO 12864 --- [order-service] [main] figuration$IntegrationJmxConfiguration$1 : Registering MessageChannel nullChannel
2026-02-04T17:31:23.955+05:30  INFO 12864 --- [order-service] [main] figuration$IntegrationJmxConfiguration$1 : Registering MessageHandler _org.springframework.integration.errorLogger
2026-02-04T17:31:23.967+05:30  INFO 12864 --- [order-service] [main] o.s.i.endpoint.EventDrivenConsumer       : Adding {logging-channel-adapter:_org.springframework.integration.errorLogger} as a subscriber to the 'errorChannel' channel
2026-02-04T17:31:23.967+05:30  INFO 12864 --- [order-service] [main] o.s.i.channel.PublishSubscribeChannel    : Channel 'order-service.errorChannel' has 1 subscriber(s).
2026-02-04T17:31:23.968+05:30  INFO 12864 --- [order-service] [main] o.s.i.endpoint.EventDrivenConsumer       : started bean '_org.springframework.integration.errorLogger'
2026-02-04T17:31:23.989+05:30  INFO 12864 --- [order-service] [main] o.s.c.n.eureka.InstanceInfoFactory       : Setting initial instance status as: STARTING
2026-02-04T17:31:24.017+05:30  INFO 12864 --- [order-service] [main] com.netflix.discovery.DiscoveryClient    : Initializing Eureka in region us-east-1
2026-02-04T17:31:24.020+05:30  INFO 12864 --- [order-service] [main] c.n.d.s.r.aws.ConfigClusterResolver      : Resolving eureka endpoints via configuration
2026-02-04T17:31:24.030+05:30  INFO 12864 --- [order-service] [main] com.netflix.discovery.DiscoveryClient    : Disable delta property : false
2026-02-04T17:31:24.030+05:30  INFO 12864 --- [order-service] [main] com.netflix.discovery.DiscoveryClient    : Single vip registry refresh property : null
2026-02-04T17:31:24.030+05:30  INFO 12864 --- [order-service] [main] com.netflix.discovery.DiscoveryClient    : Force full registry fetch : false
2026-02-04T17:31:24.030+05:30  INFO 12864 --- [order-service] [main] com.netflix.discovery.DiscoveryClient    : Application is null : false
2026-02-04T17:31:24.030+05:30  INFO 12864 --- [order-service] [main] com.netflix.discovery.DiscoveryClient    : Registered Applications size is zero : true
2026-02-04T17:31:24.030+05:30  INFO 12864 --- [order-service] [main] com.netflix.discovery.DiscoveryClient    : Application version is -1: true
2026-02-04T17:31:24.031+05:30  INFO 12864 --- [order-service] [main] com.netflix.discovery.DiscoveryClient    : Getting all instance registry info from the eureka server
2026-02-04T17:31:24.200+05:30  INFO 12864 --- [order-service] [main] com.netflix.discovery.DiscoveryClient    : The response status is 200
2026-02-04T17:31:24.202+05:30  INFO 12864 --- [order-service] [main] com.netflix.discovery.DiscoveryClient    : Starting heartbeat executor: renew interval is: 30
2026-02-04T17:31:24.203+05:30  INFO 12864 --- [order-service] [main] c.n.discovery.InstanceInfoReplicator     : InstanceInfoReplicator onDemand update allowed rate per min is 4
2026-02-04T17:31:24.204+05:30  INFO 12864 --- [order-service] [main] com.netflix.discovery.DiscoveryClient    : Discovery Client initialized at timestamp 1770206484204 with initial instances count: 0
2026-02-04T17:31:24.208+05:30  INFO 12864 --- [order-service] [main] o.s.c.n.e.s.EurekaServiceRegistry        : Registering application ORDER-SERVICE with eureka with status UP
2026-02-04T17:31:24.208+05:30  INFO 12864 --- [order-service] [main] com.netflix.discovery.DiscoveryClient    : Saw local status change event StatusChangeEvent [timestamp=1770206484208, current=UP, previous=STARTING]
2026-02-04T17:31:24.210+05:30  INFO 12864 --- [order-service] [DiscoveryClient-InstanceInfoReplicator-%d] com.netflix.discovery.DiscoveryClient    : DiscoveryClient_ORDER-SERVICE/LAPTOP-3SLHA6PQ.mshome.net:order-service:8083: registering service...
2026-02-04T17:31:24.210+05:30  INFO 12864 --- [order-service] [main] o.s.c.s.binder.DefaultBinderFactory      : Creating binder: rabbit
2026-02-04T17:31:24.210+05:30  INFO 12864 --- [order-service] [main] o.s.c.s.binder.DefaultBinderFactory      : Constructing binder child context for rabbit
2026-02-04T17:31:24.248+05:30  INFO 12864 --- [order-service] [DiscoveryClient-InstanceInfoReplicator-%d] com.netflix.discovery.DiscoveryClient    : DiscoveryClient_ORDER-SERVICE/LAPTOP-3SLHA6PQ.mshome.net:order-service:8083 - registration status: 204
2026-02-04T17:31:24.291+05:30  INFO 12864 --- [order-service] [main] o.s.c.s.binder.DefaultBinderFactory      : Caching the binder: rabbit
2026-02-04T17:31:24.300+05:30  INFO 12864 --- [order-service] [main] c.s.b.r.p.RabbitExchangeQueueProvisioner : declaring queue for inbound: springCloudBus.anonymous.T1__ZmAXTrm_6eezIl9fkg, bound to: springCloudBus
2026-02-04T17:31:24.305+05:30  INFO 12864 --- [order-service] [main] o.s.a.r.c.CachingConnectionFactory       : Attempting to connect to: [localhost:5672]
2026-02-04T17:31:24.358+05:30  INFO 12864 --- [order-service] [main] o.s.a.r.c.CachingConnectionFactory       : Created new connection: rabbitConnectionFactory#d278065:0/SimpleConnection@4c046a12 [delegate=amqp://guest@127.0.0.1:5672/, localPort=60054]
2026-02-04T17:31:24.407+05:30  INFO 12864 --- [order-service] [main] o.s.c.stream.binder.BinderErrorChannel   : Channel 'rabbit-192030256.springCloudBusInput.errors' has 1 subscriber(s).
2026-02-04T17:31:24.408+05:30  INFO 12864 --- [order-service] [main] o.s.c.stream.binder.BinderErrorChannel   : Channel 'rabbit-192030256.springCloudBusInput.errors' has 2 subscriber(s).
2026-02-04T17:31:24.429+05:30  INFO 12864 --- [order-service] [main] o.s.i.a.i.AmqpInboundChannelAdapter      : started bean 'inbound.springCloudBus.anonymous.T1__ZmAXTrm_6eezIl9fkg'
2026-02-04T17:31:24.448+05:30  INFO 12864 --- [order-service] [main] o.s.boot.tomcat.TomcatWebServer          : Tomcat started on port 8083 (http) with context path '/'
2026-02-04T17:31:24.450+05:30  INFO 12864 --- [order-service] [main] .s.c.n.e.s.EurekaAutoServiceRegistration : Updating port to 8083
2026-02-04T17:31:24.487+05:30  INFO 12864 --- [order-service] [main] figuration$IntegrationJmxConfiguration$1 : Registering MessageChannel rabbit-192030256.springCloudBusInput.errors
2026-02-04T17:31:24.499+05:30  INFO 12864 --- [order-service] [main] c.s.order.OrderApplication               : Started OrderApplication in 20.837 seconds (process running for 21.919)
2026-02-04T17:31:24.651+05:30  INFO 12864 --- [order-service] [RMI TCP Connection(5)-172.30.224.1] o.a.c.c.C.[Tomcat].[localhost].[/]       : Initializing Spring DispatcherServlet 'dispatcherServlet'
2026-02-04T17:31:24.653+05:30  INFO 12864 --- [order-service] [RMI TCP Connection(5)-172.30.224.1] o.s.web.servlet.DispatcherServlet        : Initializing Servlet 'dispatcherServlet'
2026-02-04T17:31:24.658+05:30  INFO 12864 --- [order-service] [RMI TCP Connection(5)-172.30.224.1] o.s.web.servlet.DispatcherServlet        : Completed initialization in 5 ms
2026-02-04T17:31:54.216+05:30  INFO 12864 --- [order-service] [DiscoveryClient-CacheRefreshExecutor-%d] com.netflix.discovery.DiscoveryClient    : Disable delta property : false
2026-02-04T17:31:54.216+05:30  INFO 12864 --- [order-service] [DiscoveryClient-CacheRefreshExecutor-%d] com.netflix.discovery.DiscoveryClient    : Single vip registry refresh property : null
2026-02-04T17:31:54.216+05:30  INFO 12864 --- [order-service] [DiscoveryClient-CacheRefreshExecutor-%d] com.netflix.discovery.DiscoveryClient    : Force full registry fetch : false
2026-02-04T17:31:54.217+05:30  INFO 12864 --- [order-service] [DiscoveryClient-CacheRefreshExecutor-%d] com.netflix.discovery.DiscoveryClient    : Application is null : false
2026-02-04T17:31:54.217+05:30  INFO 12864 --- [order-service] [DiscoveryClient-CacheRefreshExecutor-%d] com.netflix.discovery.DiscoveryClient    : Registered Applications size is zero : true
2026-02-04T17:31:54.217+05:30  INFO 12864 --- [order-service] [DiscoveryClient-CacheRefreshExecutor-%d] com.netflix.discovery.DiscoveryClient    : Application version is -1: false
2026-02-04T17:31:54.217+05:30  INFO 12864 --- [order-service] [DiscoveryClient-CacheRefreshExecutor-%d] com.netflix.discovery.DiscoveryClient    : Getting all instance registry info from the eureka server
2026-02-04T17:31:54.245+05:30  INFO 12864 --- [order-service] [DiscoveryClient-CacheRefreshExecutor-%d] com.netflix.discovery.DiscoveryClient    : The response status is 200
