2026-02-04T17:31:07.616+05:30  INFO 16448 --- [product-service] [main] c.s.product.ProductApplication           : Starting ProductApplication using Java 21.0.7 with PID 16448 (D:\rohit\SpringEcom-Microservices\Product\target\classes started by rohit in D:\rohit\SpringEcom-Microservices)
2026-02-04T17:31:07.620+05:30  INFO 16448 --- [product-service] [main] c.s.product.ProductApplication           : No active profile set, falling back to 1 default profile: "default"
2026-02-04T17:31:07.682+05:30  INFO 16448 --- [product-service] [main] o.s.c.c.c.ConfigServerConfigDataLoader   : Fetching config from server at : http://localhost:8888
2026-02-04T17:31:07.683+05:30  INFO 16448 --- [product-service] [main] o.s.c.c.c.ConfigServerConfigDataLoader   : Located environment: name=product-service, profiles=[default], label=null, version=null, state=null
2026-02-04T17:31:09.679+05:30  INFO 16448 --- [product-service] [main] .s.d.r.c.RepositoryConfigurationDelegate : Bootstrapping Spring Data JPA repositories in DEFAULT mode.
2026-02-04T17:31:10.038+05:30  INFO 16448 --- [product-service] [main] .s.d.r.c.RepositoryConfigurationDelegate : Finished Spring Data repository scanning in 338 ms. Found 1 JPA repository interface.
2026-02-04T17:31:10.689+05:30  INFO 16448 --- [product-service] [main] faultConfiguringBeanFactoryPostProcessor : No bean named 'errorChannel' has been explicitly defined. Therefore, a default PublishSubscribeChannel will be created.
2026-02-04T17:31:10.706+05:30  INFO 16448 --- [product-service] [main] faultConfiguringBeanFactoryPostProcessor : No bean named 'integrationHeaderChannelRegistry' has been explicitly defined. Therefore, a default DefaultHeaderChannelRegistry will be created.
2026-02-04T17:31:10.809+05:30  INFO 16448 --- [product-service] [main] o.s.cloud.context.scope.GenericScope     : BeanFactory id=45f26a91-1814-31bf-b1d3-d079b7a47b94
2026-02-04T17:31:11.626+05:30  INFO 16448 --- [product-service] [main] o.s.boot.tomcat.TomcatWebServer          : Tomcat initialized with port 8082 (http)
2026-02-04T17:31:11.650+05:30  INFO 16448 --- [product-service] [main] o.apache.catalina.core.StandardService   : Starting service [Tomcat]
2026-02-04T17:31:11.651+05:30  INFO 16448 --- [product-service] [main] o.apache.catalina.core.StandardEngine    : Starting Servlet engine: [Apache Tomcat/11.0.15]
2026-02-04T17:31:11.926+05:30  INFO 16448 --- [product-service] [main] b.w.c.s.WebApplicationContextInitializer : Root WebApplicationContext: initialization completed in 4237 ms
2026-02-04T17:31:12.461+05:30  INFO 16448 --- [product-service] [main] org.hibernate.orm.jpa                    : HHH008540: Processing PersistenceUnitInfo [name: default]
2026-02-04T17:31:12.542+05:30  INFO 16448 --- [product-service] [main] org.hibernate.orm.core                   : HHH000001: Hibernate ORM core version 7.2.0.Final
2026-02-04T17:31:13.247+05:30  INFO 16448 --- [product-service] [main] o.s.o.j.p.SpringPersistenceUnitInfo      : No LoadTimeWeaver setup: ignoring JPA class transformer
2026-02-04T17:31:13.285+05:30  INFO 16448 --- [product-service] [main] com.zaxxer.hikari.HikariDataSource       : HikariPool-1 - Starting...
2026-02-04T17:31:16.427+05:30  INFO 16448 --- [product-service] [main] com.zaxxer.hikari.pool.HikariPool        : HikariPool-1 - Added connection org.postgresql.jdbc.PgConnection@18d8da77
2026-02-04T17:31:16.430+05:30  INFO 16448 --- [product-service] [main] com.zaxxer.hikari.HikariDataSource       : HikariPool-1 - Start completed.
2026-02-04T17:31:16.816+05:30  WARN 16448 --- [product-service] [main] org.hibernate.orm.deprecation            : HHH90000025: PostgreSQLDialect does not need to be specified explicitly using 'hibernate.dialect' (remove the property setting and it will be selected by default)
2026-02-04T17:31:18.073+05:30  INFO 16448 --- [product-service] [main] org.hibernate.orm.connections.pooling    : HHH10001005: Database info:
	Database JDBC URL [jdbc:postgresql://ep-aged-forest-ah14iyzm-pooler.c-3.us-east-1.aws.neon.tech/productdb?sslmode=require&channel_binding=require]
	Database driver: PostgreSQL JDBC Driver
	Database dialect: PostgreSQLDialect
	Database version: 17.7
	Default catalog/schema: productdb/public
	Autocommit mode: undefined/unknown
	Isolation level: READ_COMMITTED [default READ_COMMITTED]
	JDBC fetch size: none
	Pool: DataSourceConnectionProvider
	Minimum pool size: undefined/unknown
	Maximum pool size: undefined/unknown
2026-02-04T17:31:19.456+05:30  INFO 16448 --- [product-service] [main] org.hibernate.orm.core                   : HHH000489: No JTA platform available (set 'hibernate.transaction.jta.platform' to enable JTA platform integration)
2026-02-04T17:31:20.836+05:30  INFO 16448 --- [product-service] [main] j.LocalContainerEntityManagerFactoryBean : Initialized JPA EntityManagerFactory for persistence unit 'default'
2026-02-04T17:31:20.955+05:30  INFO 16448 --- [product-service] [main] o.s.d.j.r.query.QueryEnhancerFactories   : Hibernate is in classpath; If applicable, HQL parser will be used.
2026-02-04T17:31:22.156+05:30  WARN 16448 --- [product-service] [main] JpaBaseConfiguration$JpaWebConfiguration : spring.jpa.open-in-view is enabled by default. Therefore, database queries may be performed during view rendering. Explicitly configure spring.jpa.open-in-view to disable this warning
2026-02-04T17:31:22.738+05:30  INFO 16448 --- [product-service] [main] o.s.c.s.m.DirectWithAttributesChannel    : Channel 'product-service.springCloudBusInput' has 1 subscriber(s).
2026-02-04T17:31:23.413+05:30  INFO 16448 --- [product-service] [main] DiscoveryClientOptionalArgsConfiguration : Eureka HTTP Client uses RestClient.
2026-02-04T17:31:23.460+05:30  WARN 16448 --- [product-service] [main] iguration$LoadBalancerCaffeineWarnLogger : Spring Cloud LoadBalancer is currently working with the default cache. While this cache implementation is useful for development and tests, it's recommended to use Caffeine cache in production.You can switch to using Caffeine cache, by adding it and org.springframework.cache.caffeine.CaffeineCacheManager to the classpath.
2026-02-04T17:31:23.467+05:30  INFO 16448 --- [product-service] [main] o.s.b.a.e.web.EndpointLinksResolver      : Exposing 24 endpoints beneath base path '/actuator'
2026-02-04T17:31:23.616+05:30  INFO 16448 --- [product-service] [main] figuration$IntegrationJmxConfiguration$1 : Registering MessageChannel errorChannel
2026-02-04T17:31:23.623+05:30  INFO 16448 --- [product-service] [main] figuration$IntegrationJmxConfiguration$1 : Registering MessageChannel springCloudBusInput
2026-02-04T17:31:23.627+05:30  INFO 16448 --- [product-service] [main] figuration$IntegrationJmxConfiguration$1 : Registering MessageChannel nullChannel
2026-02-04T17:31:23.634+05:30  INFO 16448 --- [product-service] [main] figuration$IntegrationJmxConfiguration$1 : Registering MessageHandler _org.springframework.integration.errorLogger
2026-02-04T17:31:23.647+05:30  INFO 16448 --- [product-service] [main] o.s.i.endpoint.EventDrivenConsumer       : Adding {logging-channel-adapter:_org.springframework.integration.errorLogger} as a subscriber to the 'errorChannel' channel
2026-02-04T17:31:23.647+05:30  INFO 16448 --- [product-service] [main] o.s.i.channel.PublishSubscribeChannel    : Channel 'product-service.errorChannel' has 1 subscriber(s).
2026-02-04T17:31:23.649+05:30  INFO 16448 --- [product-service] [main] o.s.i.endpoint.EventDrivenConsumer       : started bean '_org.springframework.integration.errorLogger'
2026-02-04T17:31:23.669+05:30  INFO 16448 --- [product-service] [main] o.s.c.n.eureka.InstanceInfoFactory       : Setting initial instance status as: STARTING
2026-02-04T17:31:23.692+05:30  INFO 16448 --- [product-service] [main] com.netflix.discovery.DiscoveryClient    : Initializing Eureka in region us-east-1
2026-02-04T17:31:23.696+05:30  INFO 16448 --- [product-service] [main] c.n.d.s.r.aws.ConfigClusterResolver      : Resolving eureka endpoints via configuration
2026-02-04T17:31:23.705+05:30  INFO 16448 --- [product-service] [main] com.netflix.discovery.DiscoveryClient    : Disable delta property : false
2026-02-04T17:31:23.705+05:30  INFO 16448 --- [product-service] [main] com.netflix.discovery.DiscoveryClient    : Single vip registry refresh property : null
2026-02-04T17:31:23.705+05:30  INFO 16448 --- [product-service] [main] com.netflix.discovery.DiscoveryClient    : Force full registry fetch : false
2026-02-04T17:31:23.705+05:30  INFO 16448 --- [product-service] [main] com.netflix.discovery.DiscoveryClient    : Application is null : false
2026-02-04T17:31:23.705+05:30  INFO 16448 --- [product-service] [main] com.netflix.discovery.DiscoveryClient    : Registered Applications size is zero : true
2026-02-04T17:31:23.705+05:30  INFO 16448 --- [product-service] [main] com.netflix.discovery.DiscoveryClient    : Application version is -1: true
2026-02-04T17:31:23.705+05:30  INFO 16448 --- [product-service] [main] com.netflix.discovery.DiscoveryClient    : Getting all instance registry info from the eureka server
2026-02-04T17:31:23.947+05:30  INFO 16448 --- [product-service] [main] com.netflix.discovery.DiscoveryClient    : The response status is 200
2026-02-04T17:31:23.949+05:30  INFO 16448 --- [product-service] [main] com.netflix.discovery.DiscoveryClient    : Starting heartbeat executor: renew interval is: 30
2026-02-04T17:31:23.950+05:30  INFO 16448 --- [product-service] [main] c.n.discovery.InstanceInfoReplicator     : InstanceInfoReplicator onDemand update allowed rate per min is 4
2026-02-04T17:31:23.951+05:30  INFO 16448 --- [product-service] [main] com.netflix.discovery.DiscoveryClient    : Discovery Client initialized at timestamp 1770206483951 with initial instances count: 0
2026-02-04T17:31:23.955+05:30  INFO 16448 --- [product-service] [main] o.s.c.n.e.s.EurekaServiceRegistry        : Registering application PRODUCT-SERVICE with eureka with status UP
2026-02-04T17:31:23.955+05:30  INFO 16448 --- [product-service] [main] com.netflix.discovery.DiscoveryClient    : Saw local status change event StatusChangeEvent [timestamp=1770206483955, current=UP, previous=STARTING]
2026-02-04T17:31:23.957+05:30  INFO 16448 --- [product-service] [DiscoveryClient-InstanceInfoReplicator-%d] com.netflix.discovery.DiscoveryClient    : DiscoveryClient_PRODUCT-SERVICE/LAPTOP-3SLHA6PQ.mshome.net:product-service:8082: registering service...
2026-02-04T17:31:23.958+05:30  INFO 16448 --- [product-service] [main] o.s.c.s.binder.DefaultBinderFactory      : Creating binder: rabbit
2026-02-04T17:31:23.958+05:30  INFO 16448 --- [product-service] [main] o.s.c.s.binder.DefaultBinderFactory      : Constructing binder child context for rabbit
2026-02-04T17:31:23.996+05:30  INFO 16448 --- [product-service] [DiscoveryClient-InstanceInfoReplicator-%d] com.netflix.discovery.DiscoveryClient    : DiscoveryClient_PRODUCT-SERVICE/LAPTOP-3SLHA6PQ.mshome.net:product-service:8082 - registration status: 204
2026-02-04T17:31:24.041+05:30  INFO 16448 --- [product-service] [main] o.s.c.s.binder.DefaultBinderFactory      : Caching the binder: rabbit
2026-02-04T17:31:24.049+05:30  INFO 16448 --- [product-service] [main] c.s.b.r.p.RabbitExchangeQueueProvisioner : declaring queue for inbound: springCloudBus.anonymous.BHJapItnQ-WuyBHfI4xOmg, bound to: springCloudBus
2026-02-04T17:31:24.056+05:30  INFO 16448 --- [product-service] [main] o.s.a.r.c.CachingConnectionFactory       : Attempting to connect to: [localhost:5672]
2026-02-04T17:31:24.112+05:30  INFO 16448 --- [product-service] [main] o.s.a.r.c.CachingConnectionFactory       : Created new connection: rabbitConnectionFactory#6614a420:0/SimpleConnection@d2775ae [delegate=amqp://guest@127.0.0.1:5672/, localPort=60051]
2026-02-04T17:31:24.169+05:30  INFO 16448 --- [product-service] [main] o.s.c.stream.binder.BinderErrorChannel   : Channel 'rabbit-1616641153.springCloudBusInput.errors' has 1 subscriber(s).
2026-02-04T17:31:24.170+05:30  INFO 16448 --- [product-service] [main] o.s.c.stream.binder.BinderErrorChannel   : Channel 'rabbit-1616641153.springCloudBusInput.errors' has 2 subscriber(s).
2026-02-04T17:31:24.191+05:30  INFO 16448 --- [product-service] [main] o.s.i.a.i.AmqpInboundChannelAdapter      : started bean 'inbound.springCloudBus.anonymous.BHJapItnQ-WuyBHfI4xOmg'
2026-02-04T17:31:24.210+05:30  INFO 16448 --- [product-service] [main] o.s.boot.tomcat.TomcatWebServer          : Tomcat started on port 8082 (http) with context path '/'
2026-02-04T17:31:24.212+05:30  INFO 16448 --- [product-service] [main] .s.c.n.e.s.EurekaAutoServiceRegistration : Updating port to 8082
2026-02-04T17:31:24.266+05:30  INFO 16448 --- [product-service] [main] figuration$IntegrationJmxConfiguration$1 : Registering MessageChannel rabbit-1616641153.springCloudBusInput.errors
2026-02-04T17:31:24.285+05:30  INFO 16448 --- [product-service] [main] c.s.product.ProductApplication           : Started ProductApplication in 17.96 seconds (process running for 19.301)
2026-02-04T17:31:24.678+05:30  INFO 16448 --- [product-service] [RMI TCP Connection(5)-172.30.224.1] o.a.c.c.C.[Tomcat].[localhost].[/]       : Initializing Spring DispatcherServlet 'dispatcherServlet'
2026-02-04T17:31:24.679+05:30  INFO 16448 --- [product-service] [RMI TCP Connection(5)-172.30.224.1] o.s.web.servlet.DispatcherServlet        : Initializing Servlet 'dispatcherServlet'
2026-02-04T17:31:24.686+05:30  INFO 16448 --- [product-service] [RMI TCP Connection(5)-172.30.224.1] o.s.web.servlet.DispatcherServlet        : Completed initialization in 6 ms
2026-02-04T17:31:53.964+05:30  INFO 16448 --- [product-service] [DiscoveryClient-CacheRefreshExecutor-%d] com.netflix.discovery.DiscoveryClient    : Disable delta property : false
2026-02-04T17:31:53.964+05:30  INFO 16448 --- [product-service] [DiscoveryClient-CacheRefreshExecutor-%d] com.netflix.discovery.DiscoveryClient    : Single vip registry refresh property : null
2026-02-04T17:31:53.964+05:30  INFO 16448 --- [product-service] [DiscoveryClient-CacheRefreshExecutor-%d] com.netflix.discovery.DiscoveryClient    : Force full registry fetch : false
2026-02-04T17:31:53.964+05:30  INFO 16448 --- [product-service] [DiscoveryClient-CacheRefreshExecutor-%d] com.netflix.discovery.DiscoveryClient    : Application is null : false
2026-02-04T17:31:53.964+05:30  INFO 16448 --- [product-service] [DiscoveryClient-CacheRefreshExecutor-%d] com.netflix.discovery.DiscoveryClient    : Registered Applications size is zero : true
2026-02-04T17:31:53.965+05:30  INFO 16448 --- [product-service] [DiscoveryClient-CacheRefreshExecutor-%d] com.netflix.discovery.DiscoveryClient    : Application version is -1: false
2026-02-04T17:31:53.965+05:30  INFO 16448 --- [product-service] [DiscoveryClient-CacheRefreshExecutor-%d] com.netflix.discovery.DiscoveryClient    : Getting all instance registry info from the eureka server
2026-02-04T17:31:53.993+05:30  INFO 16448 --- [product-service] [DiscoveryClient-CacheRefreshExecutor-%d] com.netflix.discovery.DiscoveryClient    : The response status is 200
