2026-02-04T17:31:12.029+05:30  INFO 22580 --- [user-service] [main] c.s.user.UserApplication                 : Starting UserApplication using Java 21.0.7 with PID 22580 (D:\rohit\SpringEcom-Microservices\User\target\classes started by rohit in D:\rohit\SpringEcom-Microservices)
2026-02-04T17:31:12.034+05:30  INFO 22580 --- [user-service] [main] c.s.user.UserApplication                 : No active profile set, falling back to 1 default profile: "default"
2026-02-04T17:31:12.091+05:30  INFO 22580 --- [user-service] [main] o.s.c.c.c.ConfigServerConfigDataLoader   : Fetching config from server at : http://localhost:8888
2026-02-04T17:31:12.092+05:30  INFO 22580 --- [user-service] [main] o.s.c.c.c.ConfigServerConfigDataLoader   : Located environment: name=user-service, profiles=[default], label=null, version=null, state=null
2026-02-04T17:31:13.300+05:30  INFO 22580 --- [user-service] [main] .s.d.r.c.RepositoryConfigurationDelegate : Bootstrapping Spring Data MongoDB repositories in DEFAULT mode.
2026-02-04T17:31:13.429+05:30  INFO 22580 --- [user-service] [main] .s.d.r.c.RepositoryConfigurationDelegate : Finished Spring Data repository scanning in 121 ms. Found 1 MongoDB repository interface.
2026-02-04T17:31:13.705+05:30  INFO 22580 --- [user-service] [main] faultConfiguringBeanFactoryPostProcessor : No bean named 'errorChannel' has been explicitly defined. Therefore, a default PublishSubscribeChannel will be created.
2026-02-04T17:31:13.719+05:30  INFO 22580 --- [user-service] [main] faultConfiguringBeanFactoryPostProcessor : No bean named 'integrationHeaderChannelRegistry' has been explicitly defined. Therefore, a default DefaultHeaderChannelRegistry will be created.
2026-02-04T17:31:13.769+05:30  INFO 22580 --- [user-service] [main] o.s.cloud.context.scope.GenericScope     : BeanFactory id=3f9ec089-c3ef-3238-91ce-8fe992ffb881
2026-02-04T17:31:14.201+05:30  INFO 22580 --- [user-service] [main] o.s.boot.tomcat.TomcatWebServer          : Tomcat initialized with port 8081 (http)
2026-02-04T17:31:14.213+05:30  INFO 22580 --- [user-service] [main] o.apache.catalina.core.StandardService   : Starting service [Tomcat]
2026-02-04T17:31:14.214+05:30  INFO 22580 --- [user-service] [main] o.apache.catalina.core.StandardEngine    : Starting Servlet engine: [Apache Tomcat/11.0.15]
2026-02-04T17:31:14.290+05:30  INFO 22580 --- [user-service] [main] b.w.c.s.WebApplicationContextInitializer : Root WebApplicationContext: initialization completed in 2194 ms
2026-02-04T17:31:14.914+05:30  INFO 22580 --- [user-service] [main] org.mongodb.driver.client                : MongoClient with metadata {"application": {"name": "Ecommerce"}, "driver": {"name": "mongo-java-driver|spring-boot|sync", "version": "5.6.2"}, "os": {"type": "Windows", "name": "Windows 11", "architecture": "amd64", "version": "10.0"}, "platform": "Java/Oracle Corporation/21.0.7+8-LTS-245"} created with settings MongoClientSettings{readPreference=primary, writeConcern=WriteConcern{w=null, wTimeout=null ms, journal=null}, retryWrites=true, retryReads=true, readConcern=ReadConcern{level=null}, credential=MongoCredential{mechanism=null, userName='rohitmadgundi_db_user', source='admin', password=<hidden>, mechanismProperties=<hidden>}, transportSettings=null, commandListeners=[io.micrometer.core.instrument.binder.mongodb.MongoMetricsCommandListener@67b09e34], codecRegistry=ProvidersCodecRegistry{codecProviders=[ValueCodecProvider{}, BsonValueCodecProvider{}, DBRefCodecProvider{}, DBObjectCodecProvider{}, DocumentCodecProvider{}, CollectionCodecProvider{}, IterableCodecProvider{}, MapCodecProvider{}, GeoJsonCodecProvider{}, GridFSFileCodecProvider{}, Jsr310CodecProvider{}, JsonObjectCodecProvider{}, BsonCodecProvider{}, com.mongodb.client.model.mql.ExpressionCodecProvider@6f95654c, com.mongodb.Jep395RecordCodecProvider@271a140c, com.mongodb.KotlinCodecProvider@74c23525, EnumCodecProvider{}]}, loggerSettings=LoggerSettings{maxDocumentLength=1000}, clusterSettings={hosts=[127.0.0.1:27017], srvHost=ecommerce.cg8brqd.mongodb.net, srvServiceName=mongodb, mode=MULTIPLE, requiredClusterType=REPLICA_SET, requiredReplicaSetName='atlas-qk5gwa-shard-0', serverSelector='null', clusterListeners='[]', serverSelectionTimeout='30000 ms', localThreshold='15 ms'}, socketSettings=SocketSettings{connectTimeoutMS=10000, readTimeoutMS=0, receiveBufferSize=0, proxySettings=ProxySettings{host=null, port=null, username=null, password=null}}, heartbeatSocketSettings=SocketSettings{connectTimeoutMS=10000, readTimeoutMS=10000, receiveBufferSize=0, proxySettings=ProxySettings{host=null, port=null, username=null, password=null}}, connectionPoolSettings=ConnectionPoolSettings{maxSize=100, minSize=0, maxWaitTimeMS=120000, maxConnectionLifeTimeMS=0, maxConnectionIdleTimeMS=0, maintenanceInitialDelayMS=0, maintenanceFrequencyMS=60000, connectionPoolListeners=[io.micrometer.core.instrument.binder.mongodb.MongoMetricsConnectionPoolListener@176054b7], maxConnecting=2}, serverSettings=ServerSettings{heartbeatFrequencyMS=10000, minHeartbeatFrequencyMS=500, serverMonitoringMode=AUTO, serverListeners='[]', serverMonitorListeners='[]'}, sslSettings=SslSettings{enabled=true, invalidHostNameAllowed=false, context=null}, applicationName='Ecommerce', compressorList=[], uuidRepresentation=UNSPECIFIED, serverApi=null, autoEncryptionSettings=null, dnsClient=null, inetAddressResolver=null, contextProvider=null, timeoutMS=null}
2026-02-04T17:31:15.003+05:30  INFO 22580 --- [user-service] [cluster-ClusterId{value='6983350a962c3e9d5bba4ce9', description='Ecommerce'}-srv-ecommerce.cg8brqd.mongodb.net] org.mongodb.driver.cluster               : Adding discovered server ac-0tpgsk2-shard-00-02.cg8brqd.mongodb.net:27017 to client view of cluster
2026-02-04T17:31:15.048+05:30  INFO 22580 --- [user-service] [cluster-ClusterId{value='6983350a962c3e9d5bba4ce9', description='Ecommerce'}-srv-ecommerce.cg8brqd.mongodb.net] org.mongodb.driver.cluster               : Adding discovered server ac-0tpgsk2-shard-00-01.cg8brqd.mongodb.net:27017 to client view of cluster
2026-02-04T17:31:15.049+05:30  INFO 22580 --- [user-service] [cluster-ClusterId{value='6983350a962c3e9d5bba4ce9', description='Ecommerce'}-srv-ecommerce.cg8brqd.mongodb.net] org.mongodb.driver.cluster               : Adding discovered server ac-0tpgsk2-shard-00-00.cg8brqd.mongodb.net:27017 to client view of cluster
2026-02-04T17:31:15.620+05:30  INFO 22580 --- [user-service] [cluster-ClusterId{value='6983350a962c3e9d5bba4ce9', description='Ecommerce'}-ac-0tpgsk2-shard-00-01.cg8brqd.mongodb.net:27017] org.mongodb.driver.cluster               : Monitor thread successfully connected to server with description ServerDescription{address=ac-0tpgsk2-shard-00-01.cg8brqd.mongodb.net:27017, type=REPLICA_SET_PRIMARY, cryptd=false, state=CONNECTED, ok=true, minWireVersion=0, maxWireVersion=25, maxDocumentSize=16777216, logicalSessionTimeoutMinutes=30, roundTripTimeNanos=222329000, minRoundTripTimeNanos=0, setName='atlas-qk5gwa-shard-0', canonicalAddress=ac-0tpgsk2-shard-00-01.cg8brqd.mongodb.net:27017, hosts=[ac-0tpgsk2-shard-00-01.cg8brqd.mongodb.net:27017, ac-0tpgsk2-shard-00-02.cg8brqd.mongodb.net:27017, ac-0tpgsk2-shard-00-00.cg8brqd.mongodb.net:27017], passives=[], arbiters=[], primary='ac-0tpgsk2-shard-00-01.cg8brqd.mongodb.net:27017', tagSet=TagSet{[Tag{name='availabilityZone', value='aps1-az3'}, Tag{name='diskState', value='READY'}, Tag{name='nodeType', value='ELECTABLE'}, Tag{name='provider', value='AWS'}, Tag{name='region', value='AP_SOUTH_1'}, Tag{name='workloadType', value='OPERATIONAL'}]}, electionId=7fffffff000000000000010d, setVersion=286, topologyVersion=TopologyVersion{processId=697a4de8e005e64103da47cc, counter=6}, lastWriteDate=Wed Feb 04 17:31:17 IST 2026, lastUpdateTimeNanos=434048764247100}
2026-02-04T17:31:15.620+05:30  INFO 22580 --- [user-service] [cluster-ClusterId{value='6983350a962c3e9d5bba4ce9', description='Ecommerce'}-ac-0tpgsk2-shard-00-02.cg8brqd.mongodb.net:27017] org.mongodb.driver.cluster               : Monitor thread successfully connected to server with description ServerDescription{address=ac-0tpgsk2-shard-00-02.cg8brqd.mongodb.net:27017, type=REPLICA_SET_SECONDARY, cryptd=false, state=CONNECTED, ok=true, minWireVersion=0, maxWireVersion=25, maxDocumentSize=16777216, logicalSessionTimeoutMinutes=30, roundTripTimeNanos=222328100, minRoundTripTimeNanos=0, setName='atlas-qk5gwa-shard-0', canonicalAddress=ac-0tpgsk2-shard-00-02.cg8brqd.mongodb.net:27017, hosts=[ac-0tpgsk2-shard-00-01.cg8brqd.mongodb.net:27017, ac-0tpgsk2-shard-00-02.cg8brqd.mongodb.net:27017, ac-0tpgsk2-shard-00-00.cg8brqd.mongodb.net:27017], passives=[], arbiters=[], primary='ac-0tpgsk2-shard-00-01.cg8brqd.mongodb.net:27017', tagSet=TagSet{[Tag{name='availabilityZone', value='aps1-az2'}, Tag{name='diskState', value='READY'}, Tag{name='nodeType', value='ELECTABLE'}, Tag{name='provider', value='AWS'}, Tag{name='region', value='AP_SOUTH_1'}, Tag{name='workloadType', value='OPERATIONAL'}]}, electionId=null, setVersion=286, topologyVersion=TopologyVersion{processId=697a523a46db3046204035aa, counter=3}, lastWriteDate=Wed Feb 04 17:31:17 IST 2026, lastUpdateTimeNanos=434048764247000}
2026-02-04T17:31:15.620+05:30  INFO 22580 --- [user-service] [cluster-ClusterId{value='6983350a962c3e9d5bba4ce9', description='Ecommerce'}-ac-0tpgsk2-shard-00-00.cg8brqd.mongodb.net:27017] org.mongodb.driver.cluster               : Monitor thread successfully connected to server with description ServerDescription{address=ac-0tpgsk2-shard-00-00.cg8brqd.mongodb.net:27017, type=REPLICA_SET_SECONDARY, cryptd=false, state=CONNECTED, ok=true, minWireVersion=0, maxWireVersion=25, maxDocumentSize=16777216, logicalSessionTimeoutMinutes=30, roundTripTimeNanos=222328900, minRoundTripTimeNanos=0, setName='atlas-qk5gwa-shard-0', canonicalAddress=ac-0tpgsk2-shard-00-00.cg8brqd.mongodb.net:27017, hosts=[ac-0tpgsk2-shard-00-01.cg8brqd.mongodb.net:27017, ac-0tpgsk2-shard-00-02.cg8brqd.mongodb.net:27017, ac-0tpgsk2-shard-00-00.cg8brqd.mongodb.net:27017], passives=[], arbiters=[], primary='ac-0tpgsk2-shard-00-01.cg8brqd.mongodb.net:27017', tagSet=TagSet{[Tag{name='availabilityZone', value='aps1-az1'}, Tag{name='diskState', value='READY'}, Tag{name='nodeType', value='ELECTABLE'}, Tag{name='provider', value='AWS'}, Tag{name='region', value='AP_SOUTH_1'}, Tag{name='workloadType', value='OPERATIONAL'}]}, electionId=null, setVersion=286, topologyVersion=TopologyVersion{processId=697a4930294d99ef126b5e3b, counter=4}, lastWriteDate=Wed Feb 04 17:31:17 IST 2026, lastUpdateTimeNanos=434048764247100}
2026-02-04T17:31:15.623+05:30  INFO 22580 --- [user-service] [cluster-ClusterId{value='6983350a962c3e9d5bba4ce9', description='Ecommerce'}-ac-0tpgsk2-shard-00-01.cg8brqd.mongodb.net:27017] org.mongodb.driver.cluster               : Discovered replica set primary ac-0tpgsk2-shard-00-01.cg8brqd.mongodb.net:27017 with max election id 7fffffff000000000000010d and max set version 286
2026-02-04T17:31:16.151+05:30  INFO 22580 --- [user-service] [main] o.s.c.s.m.DirectWithAttributesChannel    : Channel 'user-service.springCloudBusInput' has 1 subscriber(s).
2026-02-04T17:31:16.635+05:30  INFO 22580 --- [user-service] [main] DiscoveryClientOptionalArgsConfiguration : Eureka HTTP Client uses RestClient.
2026-02-04T17:31:16.676+05:30  WARN 22580 --- [user-service] [main] iguration$LoadBalancerCaffeineWarnLogger : Spring Cloud LoadBalancer is currently working with the default cache. While this cache implementation is useful for development and tests, it's recommended to use Caffeine cache in production.You can switch to using Caffeine cache, by adding it and org.springframework.cache.caffeine.CaffeineCacheManager to the classpath.
2026-02-04T17:31:16.685+05:30  INFO 22580 --- [user-service] [main] o.s.b.a.e.web.EndpointLinksResolver      : Exposing 24 endpoints beneath base path '/actuator'
2026-02-04T17:31:16.813+05:30  INFO 22580 --- [user-service] [main] figuration$IntegrationJmxConfiguration$1 : Registering MessageChannel errorChannel
2026-02-04T17:31:16.818+05:30  INFO 22580 --- [user-service] [main] figuration$IntegrationJmxConfiguration$1 : Registering MessageChannel springCloudBusInput
2026-02-04T17:31:16.823+05:30  INFO 22580 --- [user-service] [main] figuration$IntegrationJmxConfiguration$1 : Registering MessageChannel nullChannel
2026-02-04T17:31:16.827+05:30  INFO 22580 --- [user-service] [main] figuration$IntegrationJmxConfiguration$1 : Registering MessageHandler _org.springframework.integration.errorLogger
2026-02-04T17:31:16.835+05:30  INFO 22580 --- [user-service] [main] o.s.i.endpoint.EventDrivenConsumer       : Adding {logging-channel-adapter:_org.springframework.integration.errorLogger} as a subscriber to the 'errorChannel' channel
2026-02-04T17:31:16.836+05:30  INFO 22580 --- [user-service] [main] o.s.i.channel.PublishSubscribeChannel    : Channel 'user-service.errorChannel' has 1 subscriber(s).
2026-02-04T17:31:16.837+05:30  INFO 22580 --- [user-service] [main] o.s.i.endpoint.EventDrivenConsumer       : started bean '_org.springframework.integration.errorLogger'
2026-02-04T17:31:16.859+05:30  INFO 22580 --- [user-service] [main] o.s.c.n.eureka.InstanceInfoFactory       : Setting initial instance status as: STARTING
2026-02-04T17:31:16.888+05:30  INFO 22580 --- [user-service] [main] com.netflix.discovery.DiscoveryClient    : Initializing Eureka in region us-east-1
2026-02-04T17:31:16.891+05:30  INFO 22580 --- [user-service] [main] c.n.d.s.r.aws.ConfigClusterResolver      : Resolving eureka endpoints via configuration
2026-02-04T17:31:16.903+05:30  INFO 22580 --- [user-service] [main] com.netflix.discovery.DiscoveryClient    : Disable delta property : false
2026-02-04T17:31:16.903+05:30  INFO 22580 --- [user-service] [main] com.netflix.discovery.DiscoveryClient    : Single vip registry refresh property : null
2026-02-04T17:31:16.903+05:30  INFO 22580 --- [user-service] [main] com.netflix.discovery.DiscoveryClient    : Force full registry fetch : false
2026-02-04T17:31:16.903+05:30  INFO 22580 --- [user-service] [main] com.netflix.discovery.DiscoveryClient    : Application is null : false
2026-02-04T17:31:16.903+05:30  INFO 22580 --- [user-service] [main] com.netflix.discovery.DiscoveryClient    : Registered Applications size is zero : true
2026-02-04T17:31:16.903+05:30  INFO 22580 --- [user-service] [main] com.netflix.discovery.DiscoveryClient    : Application version is -1: true
2026-02-04T17:31:16.903+05:30  INFO 22580 --- [user-service] [main] com.netflix.discovery.DiscoveryClient    : Getting all instance registry info from the eureka server
2026-02-04T17:31:17.724+05:30  INFO 22580 --- [user-service] [main] com.netflix.discovery.DiscoveryClient    : The response status is 200
2026-02-04T17:31:17.726+05:30  INFO 22580 --- [user-service] [main] com.netflix.discovery.DiscoveryClient    : Starting heartbeat executor: renew interval is: 30
2026-02-04T17:31:17.728+05:30  INFO 22580 --- [user-service] [main] c.n.discovery.InstanceInfoReplicator     : InstanceInfoReplicator onDemand update allowed rate per min is 4
2026-02-04T17:31:17.729+05:30  INFO 22580 --- [user-service] [main] com.netflix.discovery.DiscoveryClient    : Discovery Client initialized at timestamp 1770206477729 with initial instances count: 0
2026-02-04T17:31:17.733+05:30  INFO 22580 --- [user-service] [main] o.s.c.n.e.s.EurekaServiceRegistry        : Registering application USER-SERVICE with eureka with status UP
2026-02-04T17:31:17.734+05:30  INFO 22580 --- [user-service] [main] com.netflix.discovery.DiscoveryClient    : Saw local status change event StatusChangeEvent [timestamp=1770206477734, current=UP, previous=STARTING]
2026-02-04T17:31:17.735+05:30  INFO 22580 --- [user-service] [DiscoveryClient-InstanceInfoReplicator-%d] com.netflix.discovery.DiscoveryClient    : DiscoveryClient_USER-SERVICE/LAPTOP-3SLHA6PQ.mshome.net:user-service:8081: registering service...
2026-02-04T17:31:17.737+05:30  INFO 22580 --- [user-service] [main] o.s.c.s.binder.DefaultBinderFactory      : Creating binder: rabbit
2026-02-04T17:31:17.737+05:30  INFO 22580 --- [user-service] [main] o.s.c.s.binder.DefaultBinderFactory      : Constructing binder child context for rabbit
2026-02-04T17:31:17.858+05:30  INFO 22580 --- [user-service] [main] o.s.c.s.binder.DefaultBinderFactory      : Caching the binder: rabbit
2026-02-04T17:31:17.874+05:30  INFO 22580 --- [user-service] [main] c.s.b.r.p.RabbitExchangeQueueProvisioner : declaring queue for inbound: springCloudBus.anonymous.vZ5ZJLLSRear79oaEAGM6w, bound to: springCloudBus
2026-02-04T17:31:17.881+05:30  INFO 22580 --- [user-service] [main] o.s.a.r.c.CachingConnectionFactory       : Attempting to connect to: [localhost:5672]
2026-02-04T17:31:17.933+05:30  INFO 22580 --- [user-service] [DiscoveryClient-InstanceInfoReplicator-%d] com.netflix.discovery.DiscoveryClient    : DiscoveryClient_USER-SERVICE/LAPTOP-3SLHA6PQ.mshome.net:user-service:8081 - registration status: 204
2026-02-04T17:31:17.971+05:30  INFO 22580 --- [user-service] [main] o.s.a.r.c.CachingConnectionFactory       : Created new connection: rabbitConnectionFactory#6cfe32cd:0/SimpleConnection@3d0f2154 [delegate=amqp://guest@127.0.0.1:5672/, localPort=51734]
2026-02-04T17:31:18.078+05:30  INFO 22580 --- [user-service] [main] o.s.c.stream.binder.BinderErrorChannel   : Channel 'rabbit-83827469.springCloudBusInput.errors' has 1 subscriber(s).
2026-02-04T17:31:18.079+05:30  INFO 22580 --- [user-service] [main] o.s.c.stream.binder.BinderErrorChannel   : Channel 'rabbit-83827469.springCloudBusInput.errors' has 2 subscriber(s).
2026-02-04T17:31:18.103+05:30  INFO 22580 --- [user-service] [main] o.s.i.a.i.AmqpInboundChannelAdapter      : started bean 'inbound.springCloudBus.anonymous.vZ5ZJLLSRear79oaEAGM6w'
2026-02-04T17:31:18.117+05:30  INFO 22580 --- [user-service] [main] o.s.boot.tomcat.TomcatWebServer          : Tomcat started on port 8081 (http) with context path '/'
2026-02-04T17:31:18.118+05:30  INFO 22580 --- [user-service] [main] .s.c.n.e.s.EurekaAutoServiceRegistration : Updating port to 8081
2026-02-04T17:31:18.171+05:30  INFO 22580 --- [user-service] [main] figuration$IntegrationJmxConfiguration$1 : Registering MessageChannel rabbit-83827469.springCloudBusInput.errors
2026-02-04T17:31:18.203+05:30  INFO 22580 --- [user-service] [main] c.s.user.UserApplication                 : Started UserApplication in 7.448 seconds (process running for 9.085)
2026-02-04T17:31:18.682+05:30  INFO 22580 --- [user-service] [RMI TCP Connection(5)-172.30.224.1] o.a.c.c.C.[Tomcat].[localhost].[/]       : Initializing Spring DispatcherServlet 'dispatcherServlet'
2026-02-04T17:31:18.683+05:30  INFO 22580 --- [user-service] [RMI TCP Connection(5)-172.30.224.1] o.s.web.servlet.DispatcherServlet        : Initializing Servlet 'dispatcherServlet'
2026-02-04T17:31:18.689+05:30  INFO 22580 --- [user-service] [RMI TCP Connection(5)-172.30.224.1] o.s.web.servlet.DispatcherServlet        : Completed initialization in 5 ms
2026-02-04T17:31:47.739+05:30  INFO 22580 --- [user-service] [DiscoveryClient-CacheRefreshExecutor-%d] com.netflix.discovery.DiscoveryClient    : Disable delta property : false
2026-02-04T17:31:47.739+05:30  INFO 22580 --- [user-service] [DiscoveryClient-CacheRefreshExecutor-%d] com.netflix.discovery.DiscoveryClient    : Single vip registry refresh property : null
2026-02-04T17:31:47.739+05:30  INFO 22580 --- [user-service] [DiscoveryClient-CacheRefreshExecutor-%d] com.netflix.discovery.DiscoveryClient    : Force full registry fetch : false
2026-02-04T17:31:47.739+05:30  INFO 22580 --- [user-service] [DiscoveryClient-CacheRefreshExecutor-%d] com.netflix.discovery.DiscoveryClient    : Application is null : false
2026-02-04T17:31:47.739+05:30  INFO 22580 --- [user-service] [DiscoveryClient-CacheRefreshExecutor-%d] com.netflix.discovery.DiscoveryClient    : Registered Applications size is zero : true
2026-02-04T17:31:47.739+05:30  INFO 22580 --- [user-service] [DiscoveryClient-CacheRefreshExecutor-%d] com.netflix.discovery.DiscoveryClient    : Application version is -1: false
2026-02-04T17:31:47.739+05:30  INFO 22580 --- [user-service] [DiscoveryClient-CacheRefreshExecutor-%d] com.netflix.discovery.DiscoveryClient    : Getting all instance registry info from the eureka server
2026-02-04T17:31:47.769+05:30  INFO 22580 --- [user-service] [DiscoveryClient-CacheRefreshExecutor-%d] com.netflix.discovery.DiscoveryClient    : The response status is 200
2026-02-04T17:33:53.249+05:30  INFO 22580 --- [user-service] [http-nio-8081-exec-1] c.s.user.controller.UserController       : user req : 696b65be09d4ef186bbb369e
2026-02-04T17:34:42.853+05:30  INFO 22580 --- [user-service] [http-nio-8081-exec-3] c.s.user.controller.UserController       : user req : 696f926d8c8f225e29191aaa
